<?xml version="1.0" encoding="UTF-8"?>
<testsuite name="org.scoula.travel.dao.TravelDaoTest" tests="1" skipped="0" failures="0" errors="0" timestamp="2025-05-22T06:27:49" hostname="JH-MacBook-Air.local" time="0.207">
  <properties/>
  <testcase name="getTravel()" classname="org.scoula.travel.dao.TravelDaoTest" time="0.207"/>
  <system-out><![CDATA[=== 여행지 상세 정보 ===
번호: 1
지역: 수도권
제목: 인천 개항장역사문화공간
설명: 1883년 인천 개항장 126년 세월의 흔적이 쌓인 개항기 역사와 문화의 만남의 장소이다. 이곳은 옛 일본영사관인 중구청과 일본 제1은행 인천지점, 일본 제18은행 인천지점 ,일본 제58은행 인천지점 등 근대 건축을 그대로 볼 수 있는 장소이다. 이뿐아니라 일본우선주식회사나 인천의 아트플렛폼, 제물포구락부 등 역사의 흔적들을 직접 눈으로 볼 수 있고 귀로 들을 수있는 곳이다. 이곳은 인천문화 관광해설사가 배치되어 예약을 받아 해설을 하고 있다. 보다 깊은 해설을 들으며 도보관광을 즐길 수 있어 가족 단위나 여행단체의 큰 호응을 얻고 있다.
주소: 인천광역시 중구 제물량로232번안길 27
전화번호: 인천 중구 문화유산팀 032-760-6448
=== 연관 이미지 정보 ===
- 001-4.jpg
- 001-5.jpg
- 001-1.jpg
- 001-2.jpg
- 001-3.jpg
]]></system-out>
  <system-err><![CDATA[]]></system-err>
</testsuite>
